{"C:\\Users\\梁育诚\\Desktop\\Kok-Kip\\frontend\\src\\components\\SearchEngine.vue": {"path":"C:\\Users\\梁育诚\\Desktop\\Kok-Kip\\frontend\\src\\components\\SearchEngine.vue","statementMap":{"0":{"start":{"line":19,"column":0},"end":{"line":null,"column":-1}},"1":{"start":{"line":24,"column":0},"end":{"line":null,"column":-1}},"2":{"start":{"line":33,"column":0},"end":{"line":35,"column":0}},"3":{"start":{"line":34,"column":0},"end":{"line":null,"column":-1}},"4":{"start":{"line":37,"column":0},"end":{"line":null,"column":-1}},"5":{"start":{"line":45,"column":0},"end":{"line":null,"column":-1}},"6":{"start":{"line":46,"column":0},"end":{"line":48,"column":0}},"7":{"start":{"line":47,"column":0},"end":{"line":null,"column":-1}},"8":{"start":{"line":49,"column":0},"end":{"line":null,"column":-1}},"9":{"start":{"line":52,"column":0},"end":{"line":null,"column":-1}},"10":{"start":{"line":53,"column":0},"end":{"line":null,"column":-1}},"11":{"start":{"line":56,"column":0},"end":{"line":null,"column":-1}},"12":{"start":{"line":57,"column":0},"end":{"line":59,"column":0}},"13":{"start":{"line":58,"column":0},"end":{"line":null,"column":-1}},"14":{"start":{"line":60,"column":0},"end":{"line":null,"column":-1}},"15":{"start":{"line":63,"column":0},"end":{"line":null,"column":-1}},"16":{"start":{"line":64,"column":0},"end":{"line":66,"column":0}},"17":{"start":{"line":65,"column":0},"end":{"line":null,"column":-1}},"18":{"start":{"line":67,"column":0},"end":{"line":null,"column":-1}},"19":{"start":{"line":70,"column":0},"end":{"line":null,"column":-1}},"20":{"start":{"line":73,"column":0},"end":{"line":null,"column":-1}},"21":{"start":{"line":76,"column":0},"end":{"line":null,"column":-1}},"22":{"start":{"line":77,"column":0},"end":{"line":79,"column":0}},"23":{"start":{"line":78,"column":0},"end":{"line":null,"column":-1}},"24":{"start":{"line":80,"column":0},"end":{"line":null,"column":-1}},"25":{"start":{"line":83,"column":0},"end":{"line":null,"column":-1}},"26":{"start":{"line":84,"column":0},"end":{"line":86,"column":0}},"27":{"start":{"line":85,"column":0},"end":{"line":null,"column":-1}},"28":{"start":{"line":87,"column":0},"end":{"line":null,"column":-1}},"29":{"start":{"line":90,"column":0},"end":{"line":null,"column":-1}},"30":{"start":{"line":91,"column":0},"end":{"line":null,"column":-1}},"31":{"start":{"line":100,"column":0},"end":{"line":null,"column":-1}},"32":{"start":{"line":101,"column":0},"end":{"line":104,"column":0}},"33":{"start":{"line":102,"column":0},"end":{"line":null,"column":-1}},"34":{"start":{"line":103,"column":0},"end":{"line":null,"column":-1}},"35":{"start":{"line":106,"column":0},"end":{"line":null,"column":-1}},"36":{"start":{"line":107,"column":0},"end":{"line":null,"column":-1}},"37":{"start":{"line":108,"column":0},"end":{"line":null,"column":-1}},"38":{"start":{"line":109,"column":0},"end":{"line":null,"column":-1}},"39":{"start":{"line":112,"column":0},"end":{"line":120,"column":0}},"40":{"start":{"line":113,"column":0},"end":{"line":119,"column":0}},"41":{"start":{"line":114,"column":0},"end":{"line":null,"column":-1}},"42":{"start":{"line":116,"column":0},"end":{"line":null,"column":-1}},"43":{"start":{"line":117,"column":0},"end":{"line":null,"column":-1}},"44":{"start":{"line":118,"column":0},"end":{"line":null,"column":-1}}},"fnMap":{"0":{"name":"data","decl":{"start":{"line":23,"column":0},"end":{"line":null,"column":-1}},"loc":{"start":{"line":23,"column":0},"end":{"line":30,"column":0}}},"1":{"name":"submit","decl":{"start":{"line":32,"column":0},"end":{"line":null,"column":-1}},"loc":{"start":{"line":32,"column":0},"end":{"line":43,"column":0}}},"2":{"name":"updateQuery","decl":{"start":{"line":44,"column":0},"end":{"line":null,"column":-1}},"loc":{"start":{"line":44,"column":0},"end":{"line":50,"column":0}}},"3":{"name":"chooseItem","decl":{"start":{"line":51,"column":0},"end":{"line":null,"column":-1}},"loc":{"start":{"line":51,"column":0},"end":{"line":54,"column":0}}},"4":{"name":"showContent","decl":{"start":{"line":55,"column":0},"end":{"line":null,"column":-1}},"loc":{"start":{"line":55,"column":0},"end":{"line":61,"column":0}}},"5":{"name":"hiddenContent","decl":{"start":{"line":62,"column":0},"end":{"line":null,"column":-1}},"loc":{"start":{"line":62,"column":0},"end":{"line":68,"column":0}}},"6":{"name":"onFocus","decl":{"start":{"line":69,"column":0},"end":{"line":null,"column":-1}},"loc":{"start":{"line":69,"column":0},"end":{"line":71,"column":0}}},"7":{"name":"onBlur","decl":{"start":{"line":72,"column":0},"end":{"line":null,"column":-1}},"loc":{"start":{"line":72,"column":0},"end":{"line":74,"column":0}}},"8":{"name":"upClick","decl":{"start":{"line":75,"column":0},"end":{"line":null,"column":-1}},"loc":{"start":{"line":75,"column":0},"end":{"line":81,"column":0}}},"9":{"name":"downClick","decl":{"start":{"line":82,"column":0},"end":{"line":null,"column":-1}},"loc":{"start":{"line":82,"column":0},"end":{"line":88,"column":0}}},"10":{"name":"voiceInput","decl":{"start":{"line":89,"column":0},"end":{"line":null,"column":-1}},"loc":{"start":{"line":89,"column":0},"end":{"line":94,"column":0}}},"11":{"name":"mounted","decl":{"start":{"line":96,"column":0},"end":{"line":null,"column":-1}},"loc":{"start":{"line":96,"column":0},"end":{"line":null,"column":-1}}},"12":{"name":"query","decl":{"start":{"line":100,"column":0},"end":{"line":null,"column":-1}},"loc":{"start":{"line":100,"column":0},"end":{"line":121,"column":0}}},"13":{"name":"(anonymous_15)","decl":{"start":{"line":112,"column":0},"end":{"line":null,"column":-1}},"loc":{"start":{"line":112,"column":0},"end":{"line":120,"column":0}}}},"branchMap":{"0":{"loc":{"start":{"line":33,"column":0},"end":{"line":35,"column":0}},"type":"if","locations":[{"start":{"line":33,"column":0},"end":{"line":35,"column":0}},{"start":{"line":33,"column":0},"end":{"line":35,"column":0}}]},"1":{"loc":{"start":{"line":57,"column":0},"end":{"line":59,"column":0}},"type":"if","locations":[{"start":{"line":57,"column":0},"end":{"line":59,"column":0}},{"start":{"line":57,"column":0},"end":{"line":59,"column":0}}]},"2":{"loc":{"start":{"line":64,"column":0},"end":{"line":66,"column":0}},"type":"if","locations":[{"start":{"line":64,"column":0},"end":{"line":66,"column":0}},{"start":{"line":64,"column":0},"end":{"line":66,"column":0}}]},"3":{"loc":{"start":{"line":77,"column":0},"end":{"line":79,"column":0}},"type":"if","locations":[{"start":{"line":77,"column":0},"end":{"line":79,"column":0}},{"start":{"line":77,"column":0},"end":{"line":79,"column":0}}]},"4":{"loc":{"start":{"line":84,"column":0},"end":{"line":86,"column":0}},"type":"if","locations":[{"start":{"line":84,"column":0},"end":{"line":86,"column":0}},{"start":{"line":84,"column":0},"end":{"line":86,"column":0}}]},"5":{"loc":{"start":{"line":101,"column":0},"end":{"line":104,"column":0}},"type":"if","locations":[{"start":{"line":101,"column":0},"end":{"line":104,"column":0}},{"start":{"line":101,"column":0},"end":{"line":104,"column":0}}]},"6":{"loc":{"start":{"line":113,"column":0},"end":{"line":119,"column":0}},"type":"if","locations":[{"start":{"line":113,"column":0},"end":{"line":119,"column":0}},{"start":{"line":113,"column":0},"end":{"line":119,"column":0}}]}},"s":{"0":1,"1":2,"2":0,"3":0,"4":0,"5":0,"6":0,"7":0,"8":0,"9":0,"10":0,"11":0,"12":0,"13":0,"14":0,"15":0,"16":0,"17":0,"18":0,"19":0,"20":0,"21":0,"22":0,"23":0,"24":0,"25":0,"26":0,"27":0,"28":0,"29":0,"30":0,"31":0,"32":0,"33":0,"34":0,"35":0,"36":0,"37":0,"38":0,"39":0,"40":0,"41":0,"42":0,"43":0,"44":0},"f":{"0":2,"1":0,"2":0,"3":0,"4":0,"5":0,"6":0,"7":0,"8":0,"9":0,"10":0,"11":2,"12":0,"13":0},"b":{"0":[0,0],"1":[0,0],"2":[0,0],"3":[0,0],"4":[0,0],"5":[0,0],"6":[0,0]}}
,"C:\\Users\\梁育诚\\Desktop\\Kok-Kip\\frontend\\src\\components\\SearchPage.vue": {"path":"C:\\Users\\梁育诚\\Desktop\\Kok-Kip\\frontend\\src\\components\\SearchPage.vue","statementMap":{"0":{"start":{"line":32,"column":0},"end":{"line":null,"column":-1}},"1":{"start":{"line":33,"column":0},"end":{"line":null,"column":-1}},"2":{"start":{"line":34,"column":0},"end":{"line":null,"column":-1}},"3":{"start":{"line":38,"column":0},"end":{"line":null,"column":-1}},"4":{"start":{"line":52,"column":0},"end":{"line":57,"column":0}},"5":{"start":{"line":53,"column":0},"end":{"line":null,"column":-1}},"6":{"start":{"line":54,"column":0},"end":{"line":null,"column":-1}},"7":{"start":{"line":56,"column":0},"end":{"line":null,"column":-1}},"8":{"start":{"line":60,"column":0},"end":{"line":null,"column":-1}},"9":{"start":{"line":66,"column":0},"end":{"line":null,"column":-1}},"10":{"start":{"line":69,"column":0},"end":{"line":null,"column":-1}},"11":{"start":{"line":73,"column":0},"end":{"line":null,"column":-1}},"12":{"start":{"line":74,"column":0},"end":{"line":null,"column":-1}},"13":{"start":{"line":75,"column":0},"end":{"line":null,"column":-1}},"14":{"start":{"line":76,"column":0},"end":{"line":null,"column":-1}},"15":{"start":{"line":77,"column":0},"end":{"line":96,"column":0}},"16":{"start":{"line":85,"column":0},"end":{"line":null,"column":-1}},"17":{"start":{"line":86,"column":0},"end":{"line":null,"column":-1}},"18":{"start":{"line":87,"column":0},"end":{"line":null,"column":-1}},"19":{"start":{"line":88,"column":0},"end":{"line":null,"column":-1}},"20":{"start":{"line":91,"column":0},"end":{"line":null,"column":-1}},"21":{"start":{"line":93,"column":0},"end":{"line":null,"column":-1}},"22":{"start":{"line":94,"column":0},"end":{"line":null,"column":-1}},"23":{"start":{"line":95,"column":0},"end":{"line":null,"column":-1}},"24":{"start":{"line":99,"column":0},"end":{"line":null,"column":-1}},"25":{"start":{"line":100,"column":0},"end":{"line":102,"column":0}},"26":{"start":{"line":101,"column":0},"end":{"line":null,"column":-1}},"27":{"start":{"line":103,"column":0},"end":{"line":null,"column":-1}},"28":{"start":{"line":106,"column":0},"end":{"line":null,"column":-1}},"29":{"start":{"line":107,"column":0},"end":{"line":null,"column":-1}},"30":{"start":{"line":108,"column":0},"end":{"line":110,"column":0}},"31":{"start":{"line":109,"column":0},"end":{"line":null,"column":-1}},"32":{"start":{"line":111,"column":0},"end":{"line":null,"column":-1}},"33":{"start":{"line":112,"column":0},"end":{"line":null,"column":-1}},"34":{"start":{"line":113,"column":0},"end":{"line":null,"column":-1}},"35":{"start":{"line":116,"column":0},"end":{"line":null,"column":-1}},"36":{"start":{"line":117,"column":0},"end":{"line":119,"column":0}},"37":{"start":{"line":118,"column":0},"end":{"line":null,"column":-1}},"38":{"start":{"line":120,"column":0},"end":{"line":null,"column":-1}},"39":{"start":{"line":123,"column":0},"end":{"line":null,"column":-1}},"40":{"start":{"line":124,"column":0},"end":{"line":126,"column":0}},"41":{"start":{"line":125,"column":0},"end":{"line":null,"column":-1}},"42":{"start":{"line":127,"column":0},"end":{"line":null,"column":-1}},"43":{"start":{"line":130,"column":0},"end":{"line":null,"column":-1}},"44":{"start":{"line":131,"column":0},"end":{"line":null,"column":-1}},"45":{"start":{"line":134,"column":0},"end":{"line":null,"column":-1}},"46":{"start":{"line":135,"column":0},"end":{"line":null,"column":-1}},"47":{"start":{"line":138,"column":0},"end":{"line":null,"column":-1}},"48":{"start":{"line":139,"column":0},"end":{"line":141,"column":0}},"49":{"start":{"line":140,"column":0},"end":{"line":null,"column":-1}},"50":{"start":{"line":142,"column":0},"end":{"line":null,"column":-1}},"51":{"start":{"line":145,"column":0},"end":{"line":null,"column":-1}},"52":{"start":{"line":146,"column":0},"end":{"line":148,"column":0}},"53":{"start":{"line":147,"column":0},"end":{"line":null,"column":-1}},"54":{"start":{"line":149,"column":0},"end":{"line":null,"column":-1}},"55":{"start":{"line":152,"column":0},"end":{"line":null,"column":-1}},"56":{"start":{"line":153,"column":0},"end":{"line":null,"column":-1}},"57":{"start":{"line":160,"column":0},"end":{"line":null,"column":-1}},"58":{"start":{"line":161,"column":0},"end":{"line":null,"column":-1}},"59":{"start":{"line":162,"column":0},"end":{"line":null,"column":-1}},"60":{"start":{"line":163,"column":0},"end":{"line":null,"column":-1}},"61":{"start":{"line":166,"column":0},"end":{"line":null,"column":-1}},"62":{"start":{"line":167,"column":0},"end":{"line":null,"column":-1}},"63":{"start":{"line":168,"column":0},"end":{"line":null,"column":-1}},"64":{"start":{"line":169,"column":0},"end":{"line":174,"column":0}},"65":{"start":{"line":170,"column":0},"end":{"line":null,"column":-1}},"66":{"start":{"line":171,"column":0},"end":{"line":null,"column":-1}},"67":{"start":{"line":172,"column":0},"end":{"line":null,"column":-1}},"68":{"start":{"line":173,"column":0},"end":{"line":null,"column":-1}},"69":{"start":{"line":176,"column":0},"end":{"line":null,"column":-1}},"70":{"start":{"line":177,"column":0},"end":{"line":null,"column":-1}},"71":{"start":{"line":178,"column":0},"end":{"line":null,"column":-1}},"72":{"start":{"line":179,"column":0},"end":{"line":null,"column":-1}},"73":{"start":{"line":182,"column":0},"end":{"line":190,"column":0}},"74":{"start":{"line":183,"column":0},"end":{"line":189,"column":0}},"75":{"start":{"line":184,"column":0},"end":{"line":null,"column":-1}},"76":{"start":{"line":186,"column":0},"end":{"line":null,"column":-1}},"77":{"start":{"line":187,"column":0},"end":{"line":null,"column":-1}},"78":{"start":{"line":188,"column":0},"end":{"line":null,"column":-1}}},"fnMap":{"0":{"name":"data","decl":{"start":{"line":37,"column":0},"end":{"line":null,"column":-1}},"loc":{"start":{"line":37,"column":0},"end":{"line":48,"column":0}}},"1":{"name":"brighten","decl":{"start":{"line":51,"column":0},"end":{"line":null,"column":-1}},"loc":{"start":{"line":51,"column":0},"end":{"line":58,"column":0}}},"2":{"name":"submit","decl":{"start":{"line":59,"column":0},"end":{"line":null,"column":-1}},"loc":{"start":{"line":59,"column":0},"end":{"line":67,"column":0}}},"3":{"name":"returnToMainPage","decl":{"start":{"line":68,"column":0},"end":{"line":null,"column":-1}},"loc":{"start":{"line":68,"column":0},"end":{"line":72,"column":0}}},"4":{"name":"handleQuery","decl":{"start":{"line":73,"column":0},"end":{"line":null,"column":-1}},"loc":{"start":{"line":73,"column":0},"end":{"line":97,"column":0}}},"5":{"name":"(anonymous_7)","decl":{"start":{"line":77,"column":0},"end":{"line":null,"column":-1}},"loc":{"start":{"line":77,"column":0},"end":{"line":92,"column":0}}},"6":{"name":"(anonymous_8)","decl":{"start":{"line":92,"column":0},"end":{"line":null,"column":-1}},"loc":{"start":{"line":92,"column":0},"end":{"line":96,"column":0}}},"7":{"name":"updateQuery","decl":{"start":{"line":98,"column":0},"end":{"line":null,"column":-1}},"loc":{"start":{"line":98,"column":0},"end":{"line":104,"column":0}}},"8":{"name":"chooseItem","decl":{"start":{"line":105,"column":0},"end":{"line":null,"column":-1}},"loc":{"start":{"line":105,"column":0},"end":{"line":114,"column":0}}},"9":{"name":"showContent","decl":{"start":{"line":115,"column":0},"end":{"line":null,"column":-1}},"loc":{"start":{"line":115,"column":0},"end":{"line":121,"column":0}}},"10":{"name":"hiddenContent","decl":{"start":{"line":122,"column":0},"end":{"line":null,"column":-1}},"loc":{"start":{"line":122,"column":0},"end":{"line":128,"column":0}}},"11":{"name":"onFocus","decl":{"start":{"line":129,"column":0},"end":{"line":null,"column":-1}},"loc":{"start":{"line":129,"column":0},"end":{"line":132,"column":0}}},"12":{"name":"onBlur","decl":{"start":{"line":133,"column":0},"end":{"line":null,"column":-1}},"loc":{"start":{"line":133,"column":0},"end":{"line":136,"column":0}}},"13":{"name":"upClick","decl":{"start":{"line":137,"column":0},"end":{"line":null,"column":-1}},"loc":{"start":{"line":137,"column":0},"end":{"line":143,"column":0}}},"14":{"name":"downClick","decl":{"start":{"line":144,"column":0},"end":{"line":null,"column":-1}},"loc":{"start":{"line":144,"column":0},"end":{"line":150,"column":0}}},"15":{"name":"voiceInput","decl":{"start":{"line":151,"column":0},"end":{"line":null,"column":-1}},"loc":{"start":{"line":151,"column":0},"end":{"line":156,"column":0}}},"16":{"name":"created","decl":{"start":{"line":158,"column":0},"end":{"line":null,"column":-1}},"loc":{"start":{"line":158,"column":0},"end":{"line":164,"column":0}}},"17":{"name":"query","decl":{"start":{"line":166,"column":0},"end":{"line":null,"column":-1}},"loc":{"start":{"line":166,"column":0},"end":{"line":191,"column":0}}},"18":{"name":"(anonymous_20)","decl":{"start":{"line":182,"column":0},"end":{"line":null,"column":-1}},"loc":{"start":{"line":182,"column":0},"end":{"line":190,"column":0}}}},"branchMap":{"0":{"loc":{"start":{"line":52,"column":0},"end":{"line":57,"column":0}},"type":"if","locations":[{"start":{"line":52,"column":0},"end":{"line":57,"column":0}},{"start":{"line":52,"column":0},"end":{"line":57,"column":0}}]},"1":{"loc":{"start":{"line":108,"column":0},"end":{"line":110,"column":0}},"type":"if","locations":[{"start":{"line":108,"column":0},"end":{"line":110,"column":0}},{"start":{"line":108,"column":0},"end":{"line":110,"column":0}}]},"2":{"loc":{"start":{"line":117,"column":0},"end":{"line":119,"column":0}},"type":"if","locations":[{"start":{"line":117,"column":0},"end":{"line":119,"column":0}},{"start":{"line":117,"column":0},"end":{"line":119,"column":0}}]},"3":{"loc":{"start":{"line":124,"column":0},"end":{"line":126,"column":0}},"type":"if","locations":[{"start":{"line":124,"column":0},"end":{"line":126,"column":0}},{"start":{"line":124,"column":0},"end":{"line":126,"column":0}}]},"4":{"loc":{"start":{"line":139,"column":0},"end":{"line":141,"column":0}},"type":"if","locations":[{"start":{"line":139,"column":0},"end":{"line":141,"column":0}},{"start":{"line":139,"column":0},"end":{"line":141,"column":0}}]},"5":{"loc":{"start":{"line":146,"column":0},"end":{"line":148,"column":0}},"type":"if","locations":[{"start":{"line":146,"column":0},"end":{"line":148,"column":0}},{"start":{"line":146,"column":0},"end":{"line":148,"column":0}}]},"6":{"loc":{"start":{"line":169,"column":0},"end":{"line":174,"column":0}},"type":"if","locations":[{"start":{"line":169,"column":0},"end":{"line":174,"column":0}},{"start":{"line":169,"column":0},"end":{"line":174,"column":0}}]},"7":{"loc":{"start":{"line":169,"column":0},"end":{"line":null,"column":-1}},"type":"binary-expr","locations":[{"start":{"line":169,"column":0},"end":{"line":null,"column":-1}},{"start":{"line":169,"column":0},"end":{"line":null,"column":-1}},{"start":{"line":169,"column":0},"end":{"line":null,"column":-1}}]},"8":{"loc":{"start":{"line":183,"column":0},"end":{"line":189,"column":0}},"type":"if","locations":[{"start":{"line":183,"column":0},"end":{"line":189,"column":0}},{"start":{"line":183,"column":0},"end":{"line":189,"column":0}}]}},"s":{"0":1,"1":1,"2":1,"3":1,"4":0,"5":0,"6":0,"7":0,"8":0,"9":0,"10":0,"11":1,"12":1,"13":1,"14":1,"15":1,"16":0,"17":0,"18":0,"19":0,"20":0,"21":0,"22":0,"23":0,"24":0,"25":0,"26":0,"27":0,"28":0,"29":0,"30":0,"31":0,"32":0,"33":0,"34":0,"35":0,"36":0,"37":0,"38":0,"39":1,"40":1,"41":1,"42":0,"43":0,"44":0,"45":0,"46":0,"47":0,"48":0,"49":0,"50":0,"51":0,"52":0,"53":0,"54":0,"55":0,"56":0,"57":1,"58":1,"59":1,"60":1,"61":1,"62":1,"63":1,"64":1,"65":1,"66":1,"67":1,"68":1,"69":0,"70":0,"71":0,"72":0,"73":0,"74":0,"75":0,"76":0,"77":0,"78":0},"f":{"0":1,"1":0,"2":0,"3":0,"4":1,"5":0,"6":0,"7":0,"8":0,"9":0,"10":1,"11":0,"12":0,"13":0,"14":0,"15":0,"16":1,"17":1,"18":0},"b":{"0":[0,0],"1":[0,0],"2":[0,0],"3":[1,0],"4":[0,0],"5":[0,0],"6":[1,0],"7":[1,1,0],"8":[0,0]}}
,"C:\\Users\\梁育诚\\Desktop\\Kok-Kip\\frontend\\src\\components\\VoiceInput.vue": {"path":"C:\\Users\\梁育诚\\Desktop\\Kok-Kip\\frontend\\src\\components\\VoiceInput.vue","statementMap":{"0":{"start":{"line":23,"column":0},"end":{"line":null,"column":-1}},"1":{"start":{"line":31,"column":0},"end":{"line":null,"column":-1}},"2":{"start":{"line":32,"column":0},"end":{"line":null,"column":-1}},"3":{"start":{"line":33,"column":0},"end":{"line":38,"column":0}},"4":{"start":{"line":34,"column":0},"end":{"line":null,"column":-1}},"5":{"start":{"line":39,"column":0},"end":{"line":52,"column":0}},"6":{"start":{"line":40,"column":0},"end":{"line":47,"column":0}},"7":{"start":{"line":42,"column":0},"end":{"line":null,"column":-1}},"8":{"start":{"line":43,"column":0},"end":{"line":null,"column":-1}},"9":{"start":{"line":46,"column":0},"end":{"line":null,"column":-1}},"10":{"start":{"line":48,"column":0},"end":{"line":52,"column":0}},"11":{"start":{"line":49,"column":0},"end":{"line":null,"column":-1}},"12":{"start":{"line":50,"column":0},"end":{"line":null,"column":-1}},"13":{"start":{"line":51,"column":0},"end":{"line":null,"column":-1}},"14":{"start":{"line":55,"column":0},"end":{"line":null,"column":-1}},"15":{"start":{"line":56,"column":0},"end":{"line":70,"column":0}},"16":{"start":{"line":57,"column":0},"end":{"line":null,"column":-1}},"17":{"start":{"line":58,"column":0},"end":{"line":null,"column":-1}},"18":{"start":{"line":60,"column":0},"end":{"line":null,"column":-1}},"19":{"start":{"line":61,"column":0},"end":{"line":null,"column":-1}},"20":{"start":{"line":64,"column":0},"end":{"line":null,"column":-1}},"21":{"start":{"line":67,"column":0},"end":{"line":null,"column":-1}},"22":{"start":{"line":69,"column":0},"end":{"line":null,"column":-1}},"23":{"start":{"line":72,"column":0},"end":{"line":null,"column":-1}},"24":{"start":{"line":73,"column":0},"end":{"line":null,"column":-1}},"25":{"start":{"line":74,"column":0},"end":{"line":null,"column":-1}},"26":{"start":{"line":75,"column":0},"end":{"line":null,"column":-1}},"27":{"start":{"line":76,"column":0},"end":{"line":null,"column":-1}},"28":{"start":{"line":77,"column":0},"end":{"line":null,"column":-1}},"29":{"start":{"line":78,"column":0},"end":{"line":null,"column":-1}},"30":{"start":{"line":79,"column":0},"end":{"line":88,"column":0}},"31":{"start":{"line":84,"column":0},"end":{"line":null,"column":-1}},"32":{"start":{"line":85,"column":0},"end":{"line":null,"column":-1}},"33":{"start":{"line":87,"column":0},"end":{"line":null,"column":-1}},"34":{"start":{"line":91,"column":0},"end":{"line":null,"column":-1}}},"fnMap":{"0":{"name":"data","decl":{"start":{"line":22,"column":0},"end":{"line":null,"column":-1}},"loc":{"start":{"line":22,"column":0},"end":{"line":29,"column":0}}},"1":{"name":"start","decl":{"start":{"line":31,"column":0},"end":{"line":null,"column":-1}},"loc":{"start":{"line":31,"column":0},"end":{"line":53,"column":0}}},"2":{"name":"(anonymous_3)","decl":{"start":{"line":40,"column":0},"end":{"line":null,"column":-1}},"loc":{"start":{"line":40,"column":0},"end":{"line":44,"column":0}}},"3":{"name":"(anonymous_4)","decl":{"start":{"line":44,"column":0},"end":{"line":null,"column":-1}},"loc":{"start":{"line":44,"column":0},"end":{"line":47,"column":0}}},"4":{"name":"stop","decl":{"start":{"line":54,"column":0},"end":{"line":null,"column":-1}},"loc":{"start":{"line":54,"column":0},"end":{"line":71,"column":0}}},"5":{"name":"voice2Text","decl":{"start":{"line":72,"column":0},"end":{"line":null,"column":-1}},"loc":{"start":{"line":72,"column":0},"end":{"line":89,"column":0}}},"6":{"name":"(anonymous_7)","decl":{"start":{"line":79,"column":0},"end":{"line":null,"column":-1}},"loc":{"start":{"line":79,"column":0},"end":{"line":86,"column":0}}},"7":{"name":"(anonymous_8)","decl":{"start":{"line":86,"column":0},"end":{"line":null,"column":-1}},"loc":{"start":{"line":86,"column":0},"end":{"line":88,"column":0}}},"8":{"name":"back","decl":{"start":{"line":90,"column":0},"end":{"line":null,"column":-1}},"loc":{"start":{"line":90,"column":0},"end":{"line":94,"column":0}}}},"branchMap":{"0":{"loc":{"start":{"line":33,"column":0},"end":{"line":38,"column":0}},"type":"if","locations":[{"start":{"line":33,"column":0},"end":{"line":38,"column":0}},{"start":{"line":33,"column":0},"end":{"line":38,"column":0}}]},"1":{"loc":{"start":{"line":39,"column":0},"end":{"line":52,"column":0}},"type":"if","locations":[{"start":{"line":39,"column":0},"end":{"line":52,"column":0}},{"start":{"line":39,"column":0},"end":{"line":52,"column":0}}]},"2":{"loc":{"start":{"line":48,"column":0},"end":{"line":52,"column":0}},"type":"if","locations":[{"start":{"line":48,"column":0},"end":{"line":52,"column":0}},{"start":{"line":48,"column":0},"end":{"line":52,"column":0}}]},"3":{"loc":{"start":{"line":48,"column":0},"end":{"line":null,"column":-1}},"type":"binary-expr","locations":[{"start":{"line":48,"column":0},"end":{"line":null,"column":-1}},{"start":{"line":48,"column":0},"end":{"line":null,"column":-1}}]},"4":{"loc":{"start":{"line":56,"column":0},"end":{"line":70,"column":0}},"type":"if","locations":[{"start":{"line":56,"column":0},"end":{"line":70,"column":0}},{"start":{"line":56,"column":0},"end":{"line":70,"column":0}}]},"5":{"loc":{"start":{"line":56,"column":0},"end":{"line":null,"column":-1}},"type":"binary-expr","locations":[{"start":{"line":56,"column":0},"end":{"line":null,"column":-1}},{"start":{"line":56,"column":0},"end":{"line":null,"column":-1}}]}},"s":{"0":2,"1":0,"2":0,"3":0,"4":0,"5":0,"6":0,"7":0,"8":0,"9":0,"10":0,"11":0,"12":0,"13":0,"14":0,"15":0,"16":0,"17":0,"18":0,"19":0,"20":0,"21":0,"22":0,"23":0,"24":0,"25":0,"26":0,"27":0,"28":0,"29":0,"30":0,"31":0,"32":0,"33":0,"34":0},"f":{"0":2,"1":0,"2":0,"3":0,"4":0,"5":0,"6":0,"7":0,"8":0},"b":{"0":[0,0],"1":[0,0],"2":[0,0],"3":[0,0],"4":[0,0],"5":[0,0]}}
}
