{"C:\\Users\\梁育诚\\Desktop\\Kok-Kip\\frontend\\src\\components\\SearchEngine.vue": {"path":"C:\\Users\\梁育诚\\Desktop\\Kok-Kip\\frontend\\src\\components\\SearchEngine.vue","statementMap":{"0":{"start":{"line":17,"column":0},"end":{"line":null,"column":-1}},"1":{"start":{"line":24,"column":0},"end":{"line":null,"column":-1}}},"fnMap":{"0":{"name":"data","decl":{"start":{"line":16,"column":0},"end":{"line":null,"column":-1}},"loc":{"start":{"line":16,"column":0},"end":{"line":21,"column":0}}},"1":{"name":"submit","decl":{"start":{"line":23,"column":0},"end":{"line":null,"column":-1}},"loc":{"start":{"line":23,"column":0},"end":{"line":25,"column":0}}}},"branchMap":{},"s":{"0":2,"1":0},"f":{"0":2,"1":0},"b":{}}
,"C:\\Users\\梁育诚\\Desktop\\Kok-Kip\\frontend\\src\\components\\SearchPage.vue": {"path":"C:\\Users\\梁育诚\\Desktop\\Kok-Kip\\frontend\\src\\components\\SearchPage.vue","statementMap":{"0":{"start":{"line":30,"column":0},"end":{"line":null,"column":-1}},"1":{"start":{"line":38,"column":0},"end":{"line":null,"column":-1}}},"fnMap":{"0":{"name":"data","decl":{"start":{"line":29,"column":0},"end":{"line":null,"column":-1}},"loc":{"start":{"line":29,"column":0},"end":{"line":35,"column":0}}},"1":{"name":"submit","decl":{"start":{"line":37,"column":0},"end":{"line":null,"column":-1}},"loc":{"start":{"line":37,"column":0},"end":{"line":39,"column":0}}}},"branchMap":{},"s":{"0":2,"1":0},"f":{"0":2,"1":0},"b":{}}
}
