TN:
SF:C:\Users\梁育诚\Desktop\Kok-Kip\frontend\src\components\SearchEngine.vue
FN:23,data
FN:32,submit
FN:44,updateQuery
FN:51,chooseItem
FN:55,showContent
FN:62,hiddenContent
FN:69,onFocus
FN:72,onBlur
FN:75,upClick
FN:82,downClick
FN:89,voiceInput
FN:96,mounted
FN:100,query
FN:112,(anonymous_15)
FNF:14
FNH:2
FNDA:2,data
FNDA:0,submit
FNDA:0,updateQuery
FNDA:0,chooseItem
FNDA:0,showContent
FNDA:0,hiddenContent
FNDA:0,onFocus
FNDA:0,onBlur
FNDA:0,upClick
FNDA:0,downClick
FNDA:0,voiceInput
FNDA:2,mounted
FNDA:0,query
FNDA:0,(anonymous_15)
DA:19,1
DA:24,2
DA:33,0
DA:34,0
DA:37,0
DA:45,0
DA:46,0
DA:47,0
DA:49,0
DA:52,0
DA:53,0
DA:56,0
DA:57,0
DA:58,0
DA:60,0
DA:63,0
DA:64,0
DA:65,0
DA:67,0
DA:70,0
DA:73,0
DA:76,0
DA:77,0
DA:78,0
DA:80,0
DA:83,0
DA:84,0
DA:85,0
DA:87,0
DA:90,0
DA:91,0
DA:100,0
DA:101,0
DA:102,0
DA:103,0
DA:106,0
DA:107,0
DA:108,0
DA:109,0
DA:112,0
DA:113,0
DA:114,0
DA:116,0
DA:117,0
DA:118,0
LF:45
LH:2
BRDA:33,0,0,0
BRDA:33,0,1,0
BRDA:57,1,0,0
BRDA:57,1,1,0
BRDA:64,2,0,0
BRDA:64,2,1,0
BRDA:77,3,0,0
BRDA:77,3,1,0
BRDA:84,4,0,0
BRDA:84,4,1,0
BRDA:101,5,0,0
BRDA:101,5,1,0
BRDA:113,6,0,0
BRDA:113,6,1,0
BRF:14
BRH:0
end_of_record
TN:
SF:C:\Users\梁育诚\Desktop\Kok-Kip\frontend\src\components\SearchPage.vue
FN:37,data
FN:51,brighten
FN:59,submit
FN:68,returnToMainPage
FN:73,handleQuery
FN:77,(anonymous_7)
FN:92,(anonymous_8)
FN:98,updateQuery
FN:105,chooseItem
FN:115,showContent
FN:122,hiddenContent
FN:129,onFocus
FN:133,onBlur
FN:137,upClick
FN:144,downClick
FN:151,voiceInput
FN:158,created
FN:166,query
FN:182,(anonymous_20)
FNF:19
FNH:5
FNDA:1,data
FNDA:0,brighten
FNDA:0,submit
FNDA:0,returnToMainPage
FNDA:1,handleQuery
FNDA:0,(anonymous_7)
FNDA:0,(anonymous_8)
FNDA:0,updateQuery
FNDA:0,chooseItem
FNDA:0,showContent
FNDA:1,hiddenContent
FNDA:0,onFocus
FNDA:0,onBlur
FNDA:0,upClick
FNDA:0,downClick
FNDA:0,voiceInput
FNDA:1,created
FNDA:1,query
FNDA:0,(anonymous_20)
DA:32,1
DA:33,1
DA:34,1
DA:38,1
DA:52,0
DA:53,0
DA:54,0
DA:56,0
DA:60,0
DA:66,0
DA:69,0
DA:73,1
DA:74,1
DA:75,1
DA:76,1
DA:77,1
DA:85,0
DA:86,0
DA:87,0
DA:88,0
DA:91,0
DA:93,0
DA:94,0
DA:95,0
DA:99,0
DA:100,0
DA:101,0
DA:103,0
DA:106,0
DA:107,0
DA:108,0
DA:109,0
DA:111,0
DA:112,0
DA:113,0
DA:116,0
DA:117,0
DA:118,0
DA:120,0
DA:123,1
DA:124,1
DA:125,1
DA:127,0
DA:130,0
DA:131,0
DA:134,0
DA:135,0
DA:138,0
DA:139,0
DA:140,0
DA:142,0
DA:145,0
DA:146,0
DA:147,0
DA:149,0
DA:152,0
DA:153,0
DA:160,1
DA:161,1
DA:162,1
DA:163,1
DA:166,1
DA:167,1
DA:168,1
DA:169,1
DA:170,1
DA:171,1
DA:172,1
DA:173,1
DA:176,0
DA:177,0
DA:178,0
DA:179,0
DA:182,0
DA:183,0
DA:184,0
DA:186,0
DA:187,0
DA:188,0
LF:79
LH:24
BRDA:52,0,0,0
BRDA:52,0,1,0
BRDA:108,1,0,0
BRDA:108,1,1,0
BRDA:117,2,0,0
BRDA:117,2,1,0
BRDA:124,3,0,1
BRDA:124,3,1,0
BRDA:139,4,0,0
BRDA:139,4,1,0
BRDA:146,5,0,0
BRDA:146,5,1,0
BRDA:169,6,0,1
BRDA:169,6,1,0
BRDA:169,7,0,1
BRDA:169,7,1,1
BRDA:169,7,2,0
BRDA:183,8,0,0
BRDA:183,8,1,0
BRF:19
BRH:4
end_of_record
