TN:
SF:C:\Users\梁育诚\Desktop\Kok-Kip\frontend\src\components\SearchEngine.vue
FN:23,data
FN:32,submit
FN:44,updateQuery
FN:51,chooseItem
FN:55,showContent
FN:62,hiddenContent
FN:69,onFocus
FN:72,onBlur
FN:75,upClick
FN:82,downClick
FN:89,voiceInput
FN:97,query
FN:109,(anonymous_14)
FNF:13
FNH:1
FNDA:2,data
FNDA:0,submit
FNDA:0,updateQuery
FNDA:0,chooseItem
FNDA:0,showContent
FNDA:0,hiddenContent
FNDA:0,onFocus
FNDA:0,onBlur
FNDA:0,upClick
FNDA:0,downClick
FNDA:0,voiceInput
FNDA:0,query
FNDA:0,(anonymous_14)
DA:19,1
DA:24,2
DA:33,0
DA:34,0
DA:37,0
DA:45,0
DA:46,0
DA:47,0
DA:49,0
DA:52,0
DA:53,0
DA:56,0
DA:57,0
DA:58,0
DA:60,0
DA:63,0
DA:64,0
DA:65,0
DA:67,0
DA:70,0
DA:73,0
DA:76,0
DA:77,0
DA:78,0
DA:80,0
DA:83,0
DA:84,0
DA:85,0
DA:87,0
DA:90,0
DA:91,0
DA:97,0
DA:98,0
DA:99,0
DA:100,0
DA:103,0
DA:104,0
DA:105,0
DA:106,0
DA:109,0
DA:110,0
DA:111,0
DA:113,0
DA:114,0
DA:115,0
LF:45
LH:2
BRDA:33,0,0,0
BRDA:33,0,1,0
BRDA:57,1,0,0
BRDA:57,1,1,0
BRDA:64,2,0,0
BRDA:64,2,1,0
BRDA:77,3,0,0
BRDA:77,3,1,0
BRDA:84,4,0,0
BRDA:84,4,1,0
BRDA:98,5,0,0
BRDA:98,5,1,0
BRDA:110,6,0,0
BRDA:110,6,1,0
BRF:14
BRH:0
end_of_record
TN:
SF:C:\Users\梁育诚\Desktop\Kok-Kip\frontend\src\components\SearchPage.vue
FN:37,data
FN:52,brighten
FN:60,submit
FN:69,returnToMainPage
FN:74,handleQuery
FN:78,(anonymous_7)
FN:93,(anonymous_8)
FN:99,updateQuery
FN:106,chooseItem
FN:116,showContent
FN:123,hiddenContent
FN:130,onFocus
FN:134,onBlur
FN:138,upClick
FN:145,downClick
FN:152,voiceInput
FN:159,mounted
FN:163,created
FN:171,query
FN:187,(anonymous_21)
FNF:20
FNH:6
FNDA:1,data
FNDA:0,brighten
FNDA:0,submit
FNDA:0,returnToMainPage
FNDA:1,handleQuery
FNDA:0,(anonymous_7)
FNDA:0,(anonymous_8)
FNDA:0,updateQuery
FNDA:0,chooseItem
FNDA:0,showContent
FNDA:1,hiddenContent
FNDA:0,onFocus
FNDA:0,onBlur
FNDA:0,upClick
FNDA:0,downClick
FNDA:0,voiceInput
FNDA:1,mounted
FNDA:1,created
FNDA:1,query
FNDA:0,(anonymous_21)
DA:32,1
DA:33,1
DA:34,1
DA:38,1
DA:53,0
DA:54,0
DA:55,0
DA:57,0
DA:61,0
DA:67,0
DA:70,0
DA:74,1
DA:75,1
DA:76,1
DA:77,1
DA:78,1
DA:86,0
DA:87,0
DA:88,0
DA:89,0
DA:92,0
DA:94,0
DA:95,0
DA:96,0
DA:100,0
DA:101,0
DA:102,0
DA:104,0
DA:107,0
DA:108,0
DA:109,0
DA:110,0
DA:112,0
DA:113,0
DA:114,0
DA:117,0
DA:118,0
DA:119,0
DA:121,0
DA:124,1
DA:125,1
DA:126,1
DA:128,0
DA:131,0
DA:132,0
DA:135,0
DA:136,0
DA:139,0
DA:140,0
DA:141,0
DA:143,0
DA:146,0
DA:147,0
DA:148,0
DA:150,0
DA:153,0
DA:154,0
DA:160,1
DA:161,1
DA:165,1
DA:166,1
DA:167,1
DA:168,1
DA:171,1
DA:172,1
DA:173,1
DA:174,1
DA:175,1
DA:176,1
DA:177,1
DA:178,1
DA:181,0
DA:182,0
DA:183,0
DA:184,0
DA:187,0
DA:188,0
DA:189,0
DA:191,0
DA:192,0
DA:193,0
LF:81
LH:26
BRDA:53,0,0,0
BRDA:53,0,1,0
BRDA:109,1,0,0
BRDA:109,1,1,0
BRDA:118,2,0,0
BRDA:118,2,1,0
BRDA:125,3,0,1
BRDA:125,3,1,0
BRDA:140,4,0,0
BRDA:140,4,1,0
BRDA:147,5,0,0
BRDA:147,5,1,0
BRDA:174,6,0,1
BRDA:174,6,1,0
BRDA:174,7,0,1
BRDA:174,7,1,1
BRDA:174,7,2,0
BRDA:188,8,0,0
BRDA:188,8,1,0
BRF:19
BRH:4
end_of_record
TN:
SF:C:\Users\梁育诚\Desktop\Kok-Kip\frontend\src\components\VoiceInput.vue
FN:22,data
FN:31,mounted
FN:36,start
FN:45,(anonymous_5)
FN:49,(anonymous_6)
FN:59,stop
FN:77,voice2Text
FN:84,(anonymous_9)
FN:92,(anonymous_10)
FN:96,back
FNF:10
FNH:0
FNDA:0,data
FNDA:0,mounted
FNDA:0,start
FNDA:0,(anonymous_5)
FNDA:0,(anonymous_6)
FNDA:0,stop
FNDA:0,voice2Text
FNDA:0,(anonymous_9)
FNDA:0,(anonymous_10)
FNDA:0,back
DA:18,0
DA:23,0
DA:32,0
DA:33,0
DA:36,0
DA:37,0
DA:38,0
DA:39,0
DA:44,0
DA:45,0
DA:47,0
DA:48,0
DA:51,0
DA:53,0
DA:54,0
DA:55,0
DA:56,0
DA:60,0
DA:61,0
DA:62,0
DA:63,0
DA:65,0
DA:66,0
DA:69,0
DA:72,0
DA:74,0
DA:77,0
DA:78,0
DA:79,0
DA:80,0
DA:81,0
DA:82,0
DA:83,0
DA:84,0
DA:90,0
DA:91,0
DA:93,0
DA:97,0
LF:38
LH:0
BRDA:38,0,0,0
BRDA:38,0,1,0
BRDA:44,1,0,0
BRDA:44,1,1,0
BRDA:53,2,0,0
BRDA:53,2,1,0
BRDA:53,3,0,0
BRDA:53,3,1,0
BRDA:61,4,0,0
BRDA:61,4,1,0
BRDA:61,5,0,0
BRDA:61,5,1,0
BRF:12
BRH:0
end_of_record
